[     187ms] [ERROR] Failed to load resource: the server responded with a status of 412 () @ https://www.bilibili.com/video/BV1ooDyBmE6v:0
[   12245ms] [INFO] %c%s line-height: 30px; color: #FF6699 bili-fe-fp: 1.1.4 @ https://s1.hdslb.com/bfs/seed/jinkela/short/user-fingerprint/bili-user-fingerprint.min.js:0
[   12364ms] [INFO] %c bili-fe-mirror %c v2.0.18  padding: 2px 6px; border-radius: 3px 0 0 3px; color: #fff; background: #FF6699; font-weight: bold; padding: 2px 6px; border-radius: 0 3px 3px 0; color: #fff; background: #FF9999; font-weight: bold; @ https://s1.hdslb.com/bfs/seed/jinkela/short/b-mirror/biliMirror.umd.mini.js:1
[   12402ms] [LOG] 白屏检测是否正常 {status: ok, loop: 0, data: Object} @ https://www.bilibili.com/video/BV1ooDyBmE6v/:4
[   13061ms] [LOG] %c
                     //
         \\         //
          \\       //
    ##DDDDDDDDDDDDDDDDDDDDDD##
    ## DDDDDDDDDDDDDDDDDDDD ##   ________   ___   ___        ___   ________   ___   ___        ___
    ## hh                hh ##   |\   __  \ |\  \ |\  \      |\  \ |\   __  \ |\  \ |\  \      |\  \
    ## hh    //    \\    hh ##   \ \  \|\ /_\ \  \\ \  \     \ \  \\ \  \|\ /_\ \  \\ \  \     \ \  \
    ## hh   //      \\   hh ##    \ \   __  \\ \  \\ \  \     \ \  \\ \   __  \\ \  \\ \  \     \ \  \
    ## hh                hh ##     \ \  \|\  \\ \  \\ \  \____ \ \  \\ \  \|\  \\ \  \\ \  \____ \ \  \
    ## hh      wwww      hh ##      \ \_______\\ \__\\ \_______\\ \__\\ \_______\\ \__\\ \_______\\ \__\
    ## hh                hh ##       \|_______| \|__| \|_______| \|__| \|_______| \|__| \|_______| \|__|
    ## MMMMMMMMMMMMMMMMMMMM ##
    ##MMMMMMMMMMMMMMMMMMMMMM##                                          Release undefined@no release yet
         \/            \/                                       Powered by @bilibili/jinkela-core@2.8.14 color:#00a1d6 @ https://s1.hdslb.com/bfs/static/jinkela/video/video.f0327faecd2d9f46147bf25886a4f6ea203a23b2.js:0
[   15409ms] [ERROR] Access to XMLHttpRequest at 'https://bvc.bilivideo.com/pbp/data?aid=116386399783727&cid=37424595579&bvid=BV1ooDyBmE6v&r=loader' from origin 'https://www.bilibili.com' has been blocked by CORS policy: No 'Access-Control-Allow-Origin' header is present on the requested resource. @ https://www.bilibili.com/video/BV1ooDyBmE6v/:0
[   15409ms] [ERROR] Failed to load resource: net::ERR_FAILED @ https://bvc.bilivideo.com/pbp/data?aid=116386399783727&cid=37424595579&bvid=BV1ooDyBmE6v&r=loader:0
[   15410ms] Uncaught (in promise) AxiosError: Network Error
    at u.onerror (https://s1.hdslb.com/bfs/static/player/main/core.75a4caea.js:213:7340)
